<?xml version="1.0" encoding="UTF-8"?>
<testsuite xmlns:xsi="http://www.w3.org/2001/XMLSchema-instance" xsi:noNamespaceSchemaLocation="https://maven.apache.org/surefire/maven-surefire-plugin/xsd/surefire-test-report-3.0.xsd" version="3.0" name="com.example.ApiGateway.ApiGatewayApplicationTests" time="4.241" tests="1" errors="0" skipped="0" failures="0">
  <properties>
[...]
</properties>
  <testcase name="contextLoads" classname="com.example.ApiGateway.ApiGatewayApplicationTests" time="0.937">
    <system-out><![CDATA[11:48:42.483 [main] INFO org.springframework.test.context.support.AnnotationConfigContextLoaderUtils -- Could not detect default configuration classes for test class [com.example.ApiGateway.ApiGatewayApplicationTests]: ApiGatewayApplicationTests does not declare any static, non-private, non-final, nested classes annotated with @Configuration.
11:48:42.582 [main] INFO org.springframework.boot.test.context.SpringBootTestContextBootstrapper -- Found @SpringBootConfiguration com.example.ApiGateway.ApiGatewayApplication for test class com.example.ApiGateway.ApiGatewayApplicationTests

  .   ____          _            __ _ _
 /\\ / ___'_ __ _ _(_)_ __  __ _ \ \ \ \
( ( )\___ | '_ | '_| | '_ \/ _` | \ \ \ \
 \\/  ___)| |_)| | | | | || (_| |  ) ) ) )
  '  |____| .__|_| |_|_| |_\__, | / / / /
 =========|_|==============|___/=/_/_/_/
 :: Spring Boot ::                (v3.1.3)

2023-08-30T11:48:43.224+05:45  INFO 17703 --- [           main] c.e.A.ApiGatewayApplicationTests         : Starting ApiGatewayApplicationTests using Java 17.0.8 with PID 17703 (started by blue in /home/blue/Desktop/GIT_Microservices/Micro_LibrarySystem/ApiGateway)
2023-08-30T11:48:43.230+05:45  INFO 17703 --- [           main] c.e.A.ApiGatewayApplicationTests         : No active profile set, falling back to 1 default profile: "default"
2023-08-30T11:48:44.243+05:45  INFO 17703 --- [           main] o.s.cloud.context.scope.GenericScope     : BeanFactory id=b7511217-a8fd-3d52-a223-9a3b647caa20
2023-08-30T11:48:45.201+05:45  INFO 17703 --- [           main] o.s.c.g.r.RouteDefinitionRouteLocator    : Loaded RoutePredicateFactory [After]
2023-08-30T11:48:45.201+05:45  INFO 17703 --- [           main] o.s.c.g.r.RouteDefinitionRouteLocator    : Loaded RoutePredicateFactory [Before]
2023-08-30T11:48:45.201+05:45  INFO 17703 --- [           main] o.s.c.g.r.RouteDefinitionRouteLocator    : Loaded RoutePredicateFactory [Between]
2023-08-30T11:48:45.201+05:45  INFO 17703 --- [           main] o.s.c.g.r.RouteDefinitionRouteLocator    : Loaded RoutePredicateFactory [Cookie]
2023-08-30T11:48:45.201+05:45  INFO 17703 --- [           main] o.s.c.g.r.RouteDefinitionRouteLocator    : Loaded RoutePredicateFactory [Header]
2023-08-30T11:48:45.201+05:45  INFO 17703 --- [           main] o.s.c.g.r.RouteDefinitionRouteLocator    : Loaded RoutePredicateFactory [Host]
2023-08-30T11:48:45.202+05:45  INFO 17703 --- [           main] o.s.c.g.r.RouteDefinitionRouteLocator    : Loaded RoutePredicateFactory [Method]
2023-08-30T11:48:45.202+05:45  INFO 17703 --- [           main] o.s.c.g.r.RouteDefinitionRouteLocator    : Loaded RoutePredicateFactory [Path]
2023-08-30T11:48:45.202+05:45  INFO 17703 --- [           main] o.s.c.g.r.RouteDefinitionRouteLocator    : Loaded RoutePredicateFactory [Query]
2023-08-30T11:48:45.202+05:45  INFO 17703 --- [           main] o.s.c.g.r.RouteDefinitionRouteLocator    : Loaded RoutePredicateFactory [ReadBody]
2023-08-30T11:48:45.202+05:45  INFO 17703 --- [           main] o.s.c.g.r.RouteDefinitionRouteLocator    : Loaded RoutePredicateFactory [RemoteAddr]
2023-08-30T11:48:45.202+05:45  INFO 17703 --- [           main] o.s.c.g.r.RouteDefinitionRouteLocator    : Loaded RoutePredicateFactory [XForwardedRemoteAddr]
2023-08-30T11:48:45.202+05:45  INFO 17703 --- [           main] o.s.c.g.r.RouteDefinitionRouteLocator    : Loaded RoutePredicateFactory [Weight]
2023-08-30T11:48:45.202+05:45  INFO 17703 --- [           main] o.s.c.g.r.RouteDefinitionRouteLocator    : Loaded RoutePredicateFactory [CloudFoundryRouteService]
2023-08-30T11:48:45.580+05:45  INFO 17703 --- [           main] c.e.A.ApiGatewayApplicationTests         : Started ApiGatewayApplicationTests in 2.788 seconds (process running for 4.176)
]]></system-out>
  </testcase>
</testsuite>