<?xml version="1.0" encoding="UTF-8"?>
<testsuite xmlns:xsi="http://www.w3.org/2001/XMLSchema-instance" xsi:noNamespaceSchemaLocation="https://maven.apache.org/surefire/maven-surefire-plugin/xsd/surefire-test-report-3.0.xsd" version="3.0" name="com.example.ServerDiscovery.ServerDiscoveryApplicationTests" time="2.144" tests="1" errors="0" skipped="0" failures="0">
  <properties>
[...]
</properties>
  <testcase name="contextLoads" classname="com.example.ServerDiscovery.ServerDiscoveryApplicationTests" time="0.956">
    <system-out><![CDATA[11:48:48.295 [main] INFO org.springframework.test.context.support.AnnotationConfigContextLoaderUtils -- Could not detect default configuration classes for test class [com.example.ServerDiscovery.ServerDiscoveryApplicationTests]: ServerDiscoveryApplicationTests does not declare any static, non-private, non-final, nested classes annotated with @Configuration.
11:48:48.393 [main] INFO org.springframework.boot.test.context.SpringBootTestContextBootstrapper -- Found @SpringBootConfiguration com.example.ServerDiscovery.ServerDiscoveryApplication for test class com.example.ServerDiscovery.ServerDiscoveryApplicationTests

  .   ____          _            __ _ _
 /\\ / ___'_ __ _ _(_)_ __  __ _ \ \ \ \
( ( )\___ | '_ | '_| | '_ \/ _` | \ \ \ \
 \\/  ___)| |_)| | | | | || (_| |  ) ) ) )
  '  |____| .__|_| |_|_| |_\__, | / / / /
 =========|_|==============|___/=/_/_/_/
 :: Spring Boot ::                (v3.1.3)

2023-08-30T11:48:48.747+05:45  INFO 17767 --- [           main] c.e.S.ServerDiscoveryApplicationTests    : Starting ServerDiscoveryApplicationTests using Java 17.0.8 with PID 17767 (started by blue in /home/blue/Desktop/GIT_Microservices/Micro_LibrarySystem/ServerDiscovery)
2023-08-30T11:48:48.748+05:45  INFO 17767 --- [           main] c.e.S.ServerDiscoveryApplicationTests    : No active profile set, falling back to 1 default profile: "default"
2023-08-30T11:48:49.301+05:45  INFO 17767 --- [           main] c.e.S.ServerDiscoveryApplicationTests    : Started ServerDiscoveryApplicationTests in 0.776 seconds (process running for 1.775)
]]></system-out>
  </testcase>
</testsuite>